<?xml version="1.0" encoding="UTF-8"?>
<!-- Generated by org.testng.reporters.JUnitReportReporter -->
<testsuite hostname="LAPTOP-ALCJ60JB" failures="0" tests="1" name="retailerProject.Amaz" time="14.892" errors="0" timestamp="2023-07-27T14:34:51 IST" skipped="0">
  <testcase classname="retailerProject.Amaz" name="amazontest" time="14.892"/>
  <system-out>
    <![CDATA[opening amazon]]>
  </system-out>
</testsuite> <!-- retailerProject.Amaz -->
