<?xml version="1.0" encoding="UTF-8"?>
<!-- Generated by org.testng.reporters.JUnitReportReporter -->
<testsuite hostname="LAPTOP-ALCJ60JB" failures="0" tests="1" name="retailerProject.Aji" time="19.385" errors="0" timestamp="2023-07-27T14:34:51 IST" skipped="0">
  <testcase classname="retailerProject.Aji" name="ajiotest" time="19.385"/>
  <system-out>
    <![CDATA[opening ajio]]>
  </system-out>
</testsuite> <!-- retailerProject.Aji -->
